numbers: [28, 0]
recurse_list: []
numbers: [44, 0]
recurse_list: []
numbers: [24, 0]
recurse_list: []
numbers: [53, 0]
recurse_list: []
numbers: [40, 0]
recurse_list: []
numbers: [33, 0]
recurse_list: []
numbers: [20, 0]
recurse_list: []
numbers: [16, 0]
recurse_list: []
numbers: [35, 0]
recurse_list: []
numbers: [90, 0]
recurse_list: []
numbers: [44, 0]
recurse_list: []
numbers: [41, 0]
recurse_list: []
numbers: [32, 0]
recurse_list: []
numbers: [24, 0]
recurse_list: []
numbers: [10, 0]
recurse_list: []
numbers: [48, 0]
recurse_list: []
numbers: [99, 0]
recurse_list: []
numbers: [59, 0]
recurse_list: []
numbers: [69, 0]
recurse_list: []
numbers: [20, 0]
recurse_list: []
numbers: [28, 0]
recurse_list: []
numbers: [21, 0]
recurse_list: []
numbers: [30, 0]
recurse_list: []
numbers: [23, 0]
recurse_list: []
numbers: [51, 0]
recurse_list: []
numbers: [55, 0]
recurse_list: []
numbers: [39, 0]
recurse_list: []
numbers: [43, 0]
recurse_list: []
numbers: [106, 0]
recurse_list: []
numbers: [40, 0]
recurse_list: []
numbers: [41, 0]
recurse_list: []
numbers: [79, 0]
recurse_list: []
numbers: [32, 0]
recurse_list: []
numbers: [13, 0]
recurse_list: []
numbers: [51, 0]
recurse_list: []
numbers: [19, 0]
recurse_list: []
numbers: [128, 0]
recurse_list: []
numbers: [24, 0]
recurse_list: []
numbers: [108, 0]
recurse_list: []
numbers: [55, 0]
recurse_list: []
numbers: [25, 0]
recurse_list: []
numbers: [40, 0]
recurse_list: []
numbers: [69, 0]
recurse_list: []
numbers: [142, 0]
recurse_list: []
numbers: [38, 0]
recurse_list: []
numbers: [72, 0]
recurse_list: []
numbers: [24, 0]
recurse_list: []
numbers: [39, 0]
recurse_list: []
numbers: [73, 0]
recurse_list: []
numbers: [26, 0]
recurse_list: []
numbers: [52, 0]
recurse_list: []
numbers: [24, 0]
recurse_list: []
numbers: [31, 0]
recurse_list: []
numbers: [73, 0]
recurse_list: []
numbers: [30, 0]
recurse_list: []
numbers: [23, 0]
recurse_list: []
numbers: [32, 0]
recurse_list: []
numbers: [35, 0]
recurse_list: []
numbers: [53, 0]
recurse_list: []
numbers: [22, 0]
recurse_list: []
numbers: [55, 0]
recurse_list: []
numbers: [13, 0]
recurse_list: []
numbers: [25, 0]
recurse_list: []
numbers: [25, 0]
recurse_list: []
numbers: [22, 0]
recurse_list: []
numbers: [121, 0]
recurse_list: []
numbers: [68, 0]
recurse_list: []
numbers: [33, 0]
recurse_list: []
numbers: [132, 0]
recurse_list: []
numbers: [124, 0]
recurse_list: []
numbers: [76, 0]
recurse_list: []
numbers: [99, 0]
recurse_list: []
numbers: [27, 0]
recurse_list: []
numbers: [17, 0]
recurse_list: []
numbers: [45, 0]
recurse_list: []
numbers: [79, 0]
recurse_list: []
numbers: [94, 0]
recurse_list: []
numbers: [30, 0]
recurse_list: []
numbers: [89, 0]
recurse_list: []
numbers: [10, 0]
recurse_list: []
numbers: [273, 0]
recurse_list: []
numbers: [42, 0]
recurse_list: []
numbers: [36, 0]
recurse_list: []
numbers: [21, 0]
recurse_list: []
numbers: [114, 0]
recurse_list: []
numbers: [170, 0]
recurse_list: []
numbers: [45, 0]
recurse_list: []
numbers: [73, 0]
recurse_list: []
numbers: [39, 0]
recurse_list: []
numbers: [79, 0]
recurse_list: []
numbers: [31, 0]
recurse_list: []
numbers: [26, 0]
recurse_list: []
numbers: [51, 0]
recurse_list: []
numbers: [34, 0]
recurse_list: []
numbers: [15, 0]
recurse_list: []
numbers: [20, 0]
recurse_list: []
numbers: [123, 0]
recurse_list: []
numbers: [48, 0]
recurse_list: []
numbers: [119, 0]
recurse_list: []
numbers: [14, 0]
recurse_list: []
numbers: [54, 0]
recurse_list: []
numbers: [85, 0]
recurse_list: []
numbers: [77, 0]
recurse_list: []
numbers: [116, 0]
recurse_list: []
numbers: [67, 0]
recurse_list: []
numbers: [74, 0]
recurse_list: []
numbers: [28, 0]
recurse_list: []
numbers: [26, 0]
recurse_list: []
numbers: [112, 0]
recurse_list: []
numbers: [43, 0]
recurse_list: []
numbers: [20, 0]
recurse_list: []
numbers: [21, 0]
recurse_list: []
numbers: [36, 0]
recurse_list: []
numbers: [46, 0]
recurse_list: []
numbers: [18, 0]
recurse_list: []
numbers: [143, 0]
recurse_list: []
numbers: [32, 0]
recurse_list: []
numbers: [16, 0]
recurse_list: []
numbers: [29, 0]
recurse_list: []
numbers: [16, 0]
recurse_list: []
numbers: [53, 0]
recurse_list: []
numbers: [17, 0]
recurse_list: []
numbers: [71, 0]
recurse_list: []
numbers: [27, 0]
recurse_list: []
numbers: [17, 0]
recurse_list: []
numbers: [21, 0]
recurse_list: []
numbers: [43, 0]
recurse_list: []
numbers: [107, 0]
recurse_list: []
numbers: [29, 0]
recurse_list: []
numbers: [50, 0]
recurse_list: []
numbers: [79, 0]
recurse_list: []
numbers: [152, 0]
recurse_list: []
numbers: [27, 0]
recurse_list: []
numbers: [41, 0]
recurse_list: []
numbers: [47, 0]
recurse_list: []
numbers: [72, 0]
recurse_list: []
numbers: [12, 0]
recurse_list: []
numbers: [43, 0]
recurse_list: []
numbers: [50, 0]
recurse_list: []
numbers: [25, 0]
recurse_list: []
numbers: [54, 0]
recurse_list: []
numbers: [114, 0]
recurse_list: []
numbers: [25, 0]
recurse_list: []
numbers: [18, 0]
recurse_list: []
numbers: [30, 0]
recurse_list: []
numbers: [30, 0]
recurse_list: []
numbers: [33, 0]
recurse_list: []
numbers: [100, 0]
recurse_list: []
numbers: [89, 0]
recurse_list: []
numbers: [29, 0]
recurse_list: []
numbers: [22, 0]
recurse_list: []
numbers: [32, 0]
recurse_list: []
numbers: [39, 0]
recurse_list: []
numbers: [50, 0]
recurse_list: []
numbers: [36, 0]
recurse_list: []
numbers: [14, 0]
recurse_list: []
numbers: [61, 0]
recurse_list: []
numbers: [33, 0]
recurse_list: []
numbers: [41, 0]
recurse_list: []
numbers: [37, 0]
recurse_list: []
numbers: [20, 0]
recurse_list: []
numbers: [41, 0]
recurse_list: []
numbers: [40, 0]
recurse_list: []
numbers: [20, 0]
recurse_list: []
numbers: [30, 0]
recurse_list: []
numbers: [46, 0]
recurse_list: []
numbers: [21, 0]
recurse_list: []
numbers: [23, 0]
recurse_list: []
numbers: [36, 0]
recurse_list: []
numbers: [24, 0]
recurse_list: []
numbers: [81, 0]
recurse_list: []
numbers: [34, 0]
recurse_list: []
numbers: [70, 0]
recurse_list: []
numbers: [30, 0]
recurse_list: []
numbers: [15, 0]
recurse_list: []
numbers: [33, 0]
recurse_list: []
numbers: [39, 0]
recurse_list: []
numbers: [45, 0]
recurse_list: []
numbers: [33, 0]
recurse_list: []
numbers: [42, 0]
recurse_list: []
numbers: [30, 0]
recurse_list: []
numbers: [47, 0]
recurse_list: []
numbers: [19, 0]
recurse_list: []
numbers: [37, 0]
recurse_list: []
numbers: [24, 0]
recurse_list: []
numbers: [45, 0]
recurse_list: []
numbers: [28, 0]
recurse_list: []
numbers: [57, 0]
recurse_list: []
numbers: [18, 0]
recurse_list: []
numbers: [42, 0]
recurse_list: []
numbers: [30, 0]
recurse_list: []
numbers: [54, 0]
recurse_list: []
numbers: [103, 0]
recurse_list: []
numbers: [62, 0]
recurse_list: []
numbers: [37, 0]
recurse_list: []
numbers: [64, 0]
recurse_list: []
numbers: [86, 1]
recurse_list: []
numbers: [28, 0]
recurse_list: []
numbers: [94, 0]
recurse_list: []
numbers: [62, 0]
recurse_list: []
numbers: [37, 0]
recurse_list: []
numbers: [48, 0]
recurse_list: []
numbers: [61, 0]
recurse_list: []
numbers: [46, 0]
recurse_list: []
numbers: [65, 0]
recurse_list: []
numbers: [39, 0]
recurse_list: []
numbers: [61, 0]
recurse_list: []
numbers: [72, 0]
recurse_list: []
numbers: [43, 0]
recurse_list: []
numbers: [16, 0]
recurse_list: []
numbers: [64, 0]
recurse_list: []
numbers: [27, 0]
recurse_list: []
numbers: [6, 0]
recurse_list: []
numbers: [40, 0]
recurse_list: []
numbers: [20, 0]
recurse_list: []
numbers: [10, 0]
recurse_list: []
numbers: [74, 0]
recurse_list: []
numbers: [24, 0]
recurse_list: []
numbers: [35, 0]
recurse_list: []
numbers: [70, 0]
recurse_list: []
numbers: [31, 0]
recurse_list: []
numbers: [49, 0]
recurse_list: []
numbers: [47, 0]
recurse_list: []
numbers: [46, 0]
recurse_list: []
numbers: [91, 0]
recurse_list: []
numbers: [16, 0]
recurse_list: []
numbers: [43, 0]
recurse_list: []
numbers: [99, 0]
recurse_list: []
numbers: [61, 0]
recurse_list: []
numbers: [21, 0]
recurse_list: []
numbers: [3, 0]
recurse_list: []
numbers: [20, 0]
recurse_list: []
numbers: [26, 0]
recurse_list: []
numbers: [21, 0]
recurse_list: []
numbers: [32, 0]
recurse_list: []
numbers: [123, 1]
recurse_list: []
numbers: [21, 0]
recurse_list: []
numbers: [38, 0]
recurse_list: []
numbers: [31, 0]
recurse_list: []
numbers: [15, 0]
recurse_list: []
numbers: [28, 0]
recurse_list: []
numbers: [93, 0]
recurse_list: []
numbers: [14, 0]
recurse_list: []
numbers: [35, 0]
recurse_list: []
numbers: [65, 0]
recurse_list: []
numbers: [43, 0]
recurse_list: []
numbers: [69, 0]
recurse_list: []
numbers: [22, 0]
recurse_list: []
numbers: [21, 0]
recurse_list: []
numbers: [12, 0]
recurse_list: []
numbers: [94, 0]
recurse_list: []
numbers: [25, 0]
recurse_list: []
numbers: [158, 0]
recurse_list: []
numbers: [65, 0]
recurse_list: []
numbers: [56, 0]
recurse_list: []
numbers: [24, 0]
recurse_list: []
numbers: [65, 0]
recurse_list: []
numbers: [21, 0]
recurse_list: []
numbers: [150, 0]
recurse_list: []
numbers: [165, 0]
recurse_list: []
numbers: [50, 0]
recurse_list: []
numbers: [21, 0]
recurse_list: []
numbers: [73, 0]
recurse_list: []
numbers: [92, 0]
recurse_list: []
numbers: [178, 0]
recurse_list: []
numbers: [48, 0]
recurse_list: []
numbers: [19, 0]
recurse_list: []
numbers: [60, 0]
recurse_list: []
numbers: [64, 0]
recurse_list: []
numbers: [67, 0]
recurse_list: []
numbers: [114, 0]
recurse_list: []
numbers: [50, 0]
recurse_list: []
numbers: [44, 0]
recurse_list: []
numbers: [27, 0]
recurse_list: []
numbers: [79, 0]
recurse_list: []
numbers: [94, 0]
recurse_list: []
numbers: [25, 0]
recurse_list: []
numbers: [23, 0]
recurse_list: []
numbers: [58, 0]
recurse_list: []
numbers: [133, 0]
recurse_list: []
numbers: [34, 0]
recurse_list: []
numbers: [35, 0]
recurse_list: []
numbers: [14, 0]
recurse_list: []
numbers: [45, 0]
recurse_list: []
numbers: [80, 0]
recurse_list: []
numbers: [75, 0]
recurse_list: []
numbers: [106, 0]
recurse_list: []
numbers: [85, 0]
recurse_list: []
numbers: [35, 0]
recurse_list: []
numbers: [188, 0]
recurse_list: []
numbers: [22, 0]
recurse_list: []
numbers: [68, 0]
recurse_list: []
numbers: [55, 0]
recurse_list: []
numbers: [16, 0]
recurse_list: []
numbers: [19, 0]
recurse_list: []
numbers: [20, 0]
recurse_list: []
numbers: [32, 0]
recurse_list: []
numbers: [43, 0]
recurse_list: []
numbers: [60, 0]
recurse_list: []
numbers: [30, 0]
recurse_list: []
numbers: [61, 0]
recurse_list: []
numbers: [43, 0]
recurse_list: []
numbers: [31, 0]
recurse_list: []
numbers: [63, 0]
recurse_list: []
numbers: [59, 0]
recurse_list: []
numbers: [21, 0]
recurse_list: []
numbers: [42, 0]
recurse_list: []
numbers: [4, 0]
recurse_list: []
numbers: [28, 0]
recurse_list: []
numbers: [77, 0]
recurse_list: []
numbers: [49, 0]
recurse_list: []
numbers: [34, 0]
recurse_list: []
numbers: [58, 0]
recurse_list: []
numbers: [19, 0]
recurse_list: []
numbers: [27, 0]
recurse_list: []
numbers: [23, 0]
recurse_list: []
numbers: [74, 0]
recurse_list: []
numbers: [68, 0]
recurse_list: []
numbers: [31, 0]
recurse_list: []
numbers: [54, 0]
recurse_list: []
numbers: [31, 0]
recurse_list: []
numbers: [46, 0]
recurse_list: []
numbers: [86, 0]
recurse_list: []
numbers: [47, 0]
recurse_list: []
numbers: [54, 0]
recurse_list: []
numbers: [39, 0]
recurse_list: []
numbers: [49, 0]
recurse_list: []
numbers: [18, 0]
recurse_list: []
numbers: [47, 0]
recurse_list: []
numbers: [33, 0]
recurse_list: []
numbers: [39, 0]
recurse_list: []
numbers: [18, 0]
recurse_list: []
numbers: [22, 0]
recurse_list: []
numbers: [39, 0]
recurse_list: []
numbers: [14, 0]
recurse_list: []
numbers: [72, 0]
recurse_list: []
numbers: [105, 0]
recurse_list: []
numbers: [44, 0]
recurse_list: []
numbers: [54, 0]
recurse_list: []
numbers: [54, 0]
recurse_list: []
numbers: [19, 0]
recurse_list: []
numbers: [21, 0]
recurse_list: []
numbers: [91, 0]
recurse_list: []
numbers: [8, 0]
recurse_list: []
numbers: [55, 0]
recurse_list: []
numbers: [27, 0]
recurse_list: []
numbers: [176, 0]
recurse_list: []
numbers: [23, 0]
recurse_list: []
numbers: [52, 0]
recurse_list: []
numbers: [17, 0]
recurse_list: []
numbers: [31, 0]
recurse_list: []
numbers: [24, 0]
recurse_list: []
numbers: [26, 0]
recurse_list: []
numbers: [38, 0]
recurse_list: []
numbers: [104, 0]
recurse_list: []
numbers: [42, 0]
recurse_list: []
numbers: [261, 1]
recurse_list: []
numbers: [24, 0]
recurse_list: []
numbers: [34, 0]
recurse_list: []
numbers: [23, 0]
recurse_list: []
numbers: [83, 0]
recurse_list: []
numbers: [38, 0]
recurse_list: []
numbers: [80, 0]
recurse_list: []
numbers: [152, 0]
recurse_list: []
numbers: [54, 0]
recurse_list: []
numbers: [70, 0]
recurse_list: []
numbers: [71, 0]
recurse_list: []
numbers: [82, 0]
recurse_list: []
numbers: [59, 0]
recurse_list: []
numbers: [43, 0]
recurse_list: []
numbers: [18, 0]
recurse_list: []
numbers: [22, 0]
recurse_list: []
numbers: [34, 0]
recurse_list: []
numbers: [43, 0]
recurse_list: []
numbers: [4, 0]
recurse_list: []
numbers: [55, 0]
recurse_list: []
numbers: [59, 0]
recurse_list: []
numbers: [25, 0]
recurse_list: []
numbers: [42, 0]
recurse_list: []
numbers: [15, 0]
recurse_list: []
numbers: [125, 0]
recurse_list: []
numbers: [41, 0]
recurse_list: []
numbers: [59, 0]
recurse_list: []
numbers: [23, 0]
recurse_list: []
numbers: [208, 0]
recurse_list: []
numbers: [78, 0]
recurse_list: []
numbers: [30, 0]
recurse_list: []
numbers: [29, 0]
recurse_list: []
numbers: [80, 0]
recurse_list: []
numbers: [58, 0]
recurse_list: []
numbers: [65, 0]
recurse_list: []
numbers: [66, 0]
recurse_list: []
numbers: [17, 0]
recurse_list: []
numbers: [46, 0]
recurse_list: []
numbers: [64, 0]
recurse_list: []
numbers: [73, 0]
recurse_list: []
numbers: [20, 0]
recurse_list: []
numbers: [61, 0]
recurse_list: []
numbers: [44, 0]
recurse_list: []
numbers: [50, 0]
recurse_list: []
total_tree: 20371
recursive_tree: 3
