numbers: [28, 0]
recurse_list: []
numbers: [2, 0]
recurse_list: []
numbers: [76, 0]
recurse_list: []
numbers: [37, 0]
recurse_list: []
numbers: [26, 0]
recurse_list: []
numbers: [99, 0]
recurse_list: []
numbers: [12, 0]
recurse_list: []
numbers: [71, 0]
recurse_list: []
numbers: [16, 0]
recurse_list: []
numbers: [30, 0]
recurse_list: []
numbers: [29, 0]
recurse_list: []
numbers: [106, 0]
recurse_list: []
numbers: [32, 0]
recurse_list: []
numbers: [31, 0]
recurse_list: []
numbers: [42, 0]
recurse_list: []
numbers: [98, 0]
recurse_list: []
numbers: [42, 0]
recurse_list: []
numbers: [44, 0]
recurse_list: []
numbers: [17, 0]
recurse_list: []
numbers: [57, 0]
recurse_list: []
numbers: [105, 0]
recurse_list: []
numbers: [36, 0]
recurse_list: []
numbers: [28, 0]
recurse_list: []
numbers: [43, 0]
recurse_list: []
numbers: [54, 0]
recurse_list: []
numbers: [21, 0]
recurse_list: []
numbers: [47, 0]
recurse_list: []
numbers: [17, 0]
recurse_list: []
numbers: [34, 0]
recurse_list: []
numbers: [86, 0]
recurse_list: []
numbers: [59, 0]
recurse_list: []
numbers: [46, 0]
recurse_list: []
numbers: [35, 0]
recurse_list: []
numbers: [30, 0]
recurse_list: []
numbers: [74, 0]
recurse_list: []
numbers: [96, 0]
recurse_list: []
numbers: [37, 0]
recurse_list: []
numbers: [18, 0]
recurse_list: []
numbers: [102, 0]
recurse_list: []
numbers: [15, 0]
recurse_list: []
numbers: [77, 0]
recurse_list: []
numbers: [42, 0]
recurse_list: []
numbers: [24, 0]
recurse_list: []
numbers: [76, 0]
recurse_list: []
numbers: [8, 0]
recurse_list: []
numbers: [56, 0]
recurse_list: []
numbers: [18, 0]
recurse_list: []
numbers: [71, 0]
recurse_list: []
numbers: [46, 0]
recurse_list: []
numbers: [14, 0]
recurse_list: []
numbers: [54, 0]
recurse_list: []
numbers: [20, 0]
recurse_list: []
numbers: [11, 0]
recurse_list: []
numbers: [52, 0]
recurse_list: []
numbers: [30, 0]
recurse_list: []
numbers: [65, 0]
recurse_list: []
numbers: [30, 0]
recurse_list: []
numbers: [14, 0]
recurse_list: []
numbers: [91, 0]
recurse_list: []
numbers: [43, 0]
recurse_list: []
numbers: [32, 0]
recurse_list: []
numbers: [27, 0]
recurse_list: []
numbers: [25, 0]
recurse_list: []
numbers: [27, 0]
recurse_list: []
numbers: [78, 0]
recurse_list: []
numbers: [23, 0]
recurse_list: []
numbers: [59, 0]
recurse_list: []
numbers: [45, 0]
recurse_list: []
numbers: [19, 0]
recurse_list: []
numbers: [32, 0]
recurse_list: []
numbers: [84, 0]
recurse_list: []
numbers: [8, 0]
recurse_list: []
numbers: [19, 0]
recurse_list: []
numbers: [73, 0]
recurse_list: []
numbers: [4, 0]
recurse_list: []
numbers: [37, 0]
recurse_list: []
numbers: [28, 0]
recurse_list: []
numbers: [80, 0]
recurse_list: []
numbers: [79, 0]
recurse_list: []
numbers: [49, 0]
recurse_list: []
numbers: [31, 0]
recurse_list: []
numbers: [76, 0]
recurse_list: []
numbers: [48, 0]
recurse_list: []
numbers: [8, 0]
recurse_list: []
numbers: [54, 0]
recurse_list: []
numbers: [97, 0]
recurse_list: []
numbers: [23, 0]
recurse_list: []
numbers: [35, 0]
recurse_list: []
numbers: [23, 0]
recurse_list: []
numbers: [166, 0]
recurse_list: []
numbers: [19, 0]
recurse_list: []
numbers: [52, 0]
recurse_list: []
numbers: [18, 0]
recurse_list: []
numbers: [64, 0]
recurse_list: []
numbers: [49, 0]
recurse_list: []
numbers: [28, 0]
recurse_list: []
numbers: [95, 0]
recurse_list: []
numbers: [37, 0]
recurse_list: []
numbers: [27, 0]
recurse_list: []
numbers: [68, 0]
recurse_list: []
numbers: [25, 0]
recurse_list: []
numbers: [47, 0]
recurse_list: []
numbers: [36, 0]
recurse_list: []
numbers: [35, 0]
recurse_list: []
numbers: [27, 0]
recurse_list: []
numbers: [153, 0]
recurse_list: []
numbers: [35, 0]
recurse_list: []
numbers: [53, 0]
recurse_list: []
numbers: [183, 0]
recurse_list: []
numbers: [27, 0]
recurse_list: []
numbers: [51, 0]
recurse_list: []
numbers: [113, 0]
recurse_list: []
numbers: [37, 0]
recurse_list: []
numbers: [24, 0]
recurse_list: []
numbers: [84, 0]
recurse_list: []
numbers: [19, 0]
recurse_list: []
numbers: [34, 0]
recurse_list: []
numbers: [26, 0]
recurse_list: []
numbers: [31, 0]
recurse_list: []
numbers: [68, 0]
recurse_list: []
numbers: [86, 0]
recurse_list: []
numbers: [25, 0]
recurse_list: []
numbers: [320, 0]
recurse_list: []
numbers: [30, 0]
recurse_list: []
numbers: [60, 0]
recurse_list: []
numbers: [29, 0]
recurse_list: []
numbers: [93, 0]
recurse_list: []
numbers: [29, 0]
recurse_list: []
numbers: [104, 0]
recurse_list: []
numbers: [14, 0]
recurse_list: []
numbers: [40, 0]
recurse_list: []
numbers: [30, 0]
recurse_list: []
numbers: [26, 0]
recurse_list: []
numbers: [42, 0]
recurse_list: []
numbers: [36, 0]
recurse_list: []
numbers: [30, 0]
recurse_list: []
numbers: [114, 0]
recurse_list: []
numbers: [84, 0]
recurse_list: []
numbers: [45, 0]
recurse_list: []
numbers: [33, 0]
recurse_list: []
numbers: [165, 0]
recurse_list: []
numbers: [57, 0]
recurse_list: []
numbers: [146, 0]
recurse_list: []
numbers: [59, 0]
recurse_list: []
numbers: [33, 0]
recurse_list: []
numbers: [53, 0]
recurse_list: []
numbers: [76, 0]
recurse_list: []
numbers: [87, 0]
recurse_list: []
numbers: [35, 0]
recurse_list: []
numbers: [46, 0]
recurse_list: []
numbers: [47, 0]
recurse_list: []
numbers: [62, 0]
recurse_list: []
numbers: [144, 0]
recurse_list: []
numbers: [122, 0]
recurse_list: []
numbers: [44, 0]
recurse_list: []
numbers: [107, 0]
recurse_list: []
numbers: [69, 0]
recurse_list: []
numbers: [13, 0]
recurse_list: []
numbers: [91, 0]
recurse_list: []
numbers: [18, 0]
recurse_list: []
numbers: [76, 0]
recurse_list: []
numbers: [26, 0]
recurse_list: []
numbers: [52, 0]
recurse_list: []
numbers: [41, 0]
recurse_list: []
numbers: [42, 0]
recurse_list: []
numbers: [41, 0]
recurse_list: []
numbers: [27, 0]
recurse_list: []
numbers: [78, 0]
recurse_list: []
numbers: [61, 0]
recurse_list: []
numbers: [25, 0]
recurse_list: []
numbers: [31, 0]
recurse_list: []
numbers: [35, 0]
recurse_list: []
numbers: [72, 0]
recurse_list: []
numbers: [38, 0]
recurse_list: []
numbers: [39, 0]
recurse_list: []
numbers: [160, 0]
recurse_list: []
numbers: [19, 0]
recurse_list: []
numbers: [37, 0]
recurse_list: []
numbers: [69, 1]
recurse_list: []
numbers: [31, 0]
recurse_list: []
numbers: [16, 0]
recurse_list: []
numbers: [29, 0]
recurse_list: []
numbers: [37, 0]
recurse_list: []
numbers: [39, 0]
recurse_list: []
numbers: [75, 0]
recurse_list: []
numbers: [27, 0]
recurse_list: []
numbers: [39, 0]
recurse_list: []
numbers: [90, 0]
recurse_list: []
numbers: [34, 0]
recurse_list: []
numbers: [56, 0]
recurse_list: []
numbers: [24, 0]
recurse_list: []
numbers: [51, 0]
recurse_list: []
numbers: [24, 0]
recurse_list: []
numbers: [12, 0]
recurse_list: []
numbers: [52, 0]
recurse_list: []
numbers: [33, 0]
recurse_list: []
numbers: [97, 0]
recurse_list: []
numbers: [90, 0]
recurse_list: []
numbers: [78, 0]
recurse_list: []
numbers: [28, 0]
recurse_list: []
numbers: [61, 0]
recurse_list: []
numbers: [56, 0]
recurse_list: []
numbers: [35, 0]
recurse_list: []
numbers: [51, 0]
recurse_list: []
numbers: [31, 0]
recurse_list: []
numbers: [22, 0]
recurse_list: []
numbers: [85, 0]
recurse_list: []
numbers: [57, 0]
recurse_list: []
numbers: [34, 0]
recurse_list: []
numbers: [38, 0]
recurse_list: []
numbers: [55, 0]
recurse_list: []
numbers: [21, 0]
recurse_list: []
numbers: [47, 0]
recurse_list: []
numbers: [43, 0]
recurse_list: []
numbers: [66, 0]
recurse_list: []
numbers: [34, 0]
recurse_list: []
numbers: [19, 0]
recurse_list: []
numbers: [20, 0]
recurse_list: []
numbers: [41, 0]
recurse_list: []
numbers: [28, 0]
recurse_list: []
numbers: [7, 0]
recurse_list: []
numbers: [63, 0]
recurse_list: []
numbers: [23, 0]
recurse_list: []
numbers: [49, 0]
recurse_list: []
numbers: [42, 0]
recurse_list: []
numbers: [118, 1]
recurse_list: []
numbers: [59, 0]
recurse_list: []
numbers: [26, 0]
recurse_list: []
numbers: [31, 0]
recurse_list: []
numbers: [54, 0]
recurse_list: []
numbers: [19, 0]
recurse_list: []
numbers: [41, 0]
recurse_list: []
numbers: [74, 0]
recurse_list: []
numbers: [104, 0]
recurse_list: []
numbers: [23, 0]
recurse_list: []
numbers: [44, 0]
recurse_list: []
numbers: [42, 0]
recurse_list: []
numbers: [38, 0]
recurse_list: []
numbers: [31, 0]
recurse_list: []
numbers: [33, 0]
recurse_list: []
numbers: [33, 0]
recurse_list: []
numbers: [60, 0]
recurse_list: []
numbers: [40, 0]
recurse_list: []
numbers: [22, 0]
recurse_list: []
numbers: [34, 0]
recurse_list: []
numbers: [62, 0]
recurse_list: []
numbers: [46, 0]
recurse_list: []
numbers: [6, 0]
recurse_list: []
numbers: [54, 0]
recurse_list: []
numbers: [63, 0]
recurse_list: []
numbers: [26, 0]
recurse_list: []
numbers: [74, 0]
recurse_list: []
numbers: [43, 0]
recurse_list: []
numbers: [99, 0]
recurse_list: []
numbers: [2, 0]
recurse_list: []
numbers: [21, 0]
recurse_list: []
numbers: [76, 0]
recurse_list: []
numbers: [28, 0]
recurse_list: []
numbers: [85, 0]
recurse_list: []
numbers: [71, 0]
recurse_list: []
numbers: [23, 0]
recurse_list: []
numbers: [19, 0]
recurse_list: []
numbers: [78, 0]
recurse_list: []
numbers: [21, 0]
recurse_list: []
numbers: [23, 0]
recurse_list: []
numbers: [153, 0]
recurse_list: []
numbers: [94, 0]
recurse_list: []
numbers: [40, 0]
recurse_list: []
numbers: [36, 0]
recurse_list: []
numbers: [3, 0]
recurse_list: []
numbers: [21, 0]
recurse_list: []
numbers: [65, 0]
recurse_list: []
numbers: [65, 0]
recurse_list: []
numbers: [24, 0]
recurse_list: []
numbers: [43, 0]
recurse_list: []
numbers: [31, 0]
recurse_list: []
numbers: [24, 0]
recurse_list: []
numbers: [67, 0]
recurse_list: []
numbers: [58, 0]
recurse_list: []
numbers: [47, 0]
recurse_list: []
numbers: [40, 0]
recurse_list: []
numbers: [87, 0]
recurse_list: []
numbers: [158, 0]
recurse_list: []
numbers: [53, 0]
recurse_list: []
numbers: [69, 0]
recurse_list: []
numbers: [55, 0]
recurse_list: []
numbers: [41, 0]
recurse_list: []
numbers: [73, 0]
recurse_list: []
numbers: [24, 0]
recurse_list: []
numbers: [188, 0]
recurse_list: []
numbers: [28, 0]
recurse_list: []
numbers: [48, 0]
recurse_list: []
numbers: [82, 0]
recurse_list: []
numbers: [46, 0]
recurse_list: []
numbers: [53, 0]
recurse_list: []
numbers: [28, 0]
recurse_list: []
numbers: [24, 0]
recurse_list: []
numbers: [79, 0]
recurse_list: []
numbers: [25, 0]
recurse_list: []
numbers: [87, 0]
recurse_list: []
numbers: [51, 0]
recurse_list: []
numbers: [11, 0]
recurse_list: []
numbers: [44, 0]
recurse_list: []
numbers: [45, 0]
recurse_list: []
numbers: [69, 0]
recurse_list: []
numbers: [79, 0]
recurse_list: []
numbers: [25, 0]
recurse_list: []
numbers: [43, 0]
recurse_list: []
numbers: [72, 0]
recurse_list: []
numbers: [19, 0]
recurse_list: []
numbers: [45, 0]
recurse_list: []
numbers: [53, 0]
recurse_list: []
numbers: [47, 0]
recurse_list: []
numbers: [18, 0]
recurse_list: []
numbers: [30, 0]
recurse_list: []
numbers: [46, 0]
recurse_list: []
numbers: [16, 0]
recurse_list: []
numbers: [64, 0]
recurse_list: []
numbers: [54, 0]
recurse_list: []
numbers: [86, 0]
recurse_list: []
numbers: [27, 0]
recurse_list: []
numbers: [66, 0]
recurse_list: []
numbers: [40, 0]
recurse_list: []
numbers: [67, 0]
recurse_list: []
numbers: [21, 0]
recurse_list: []
numbers: [39, 0]
recurse_list: []
numbers: [158, 0]
recurse_list: []
numbers: [60, 0]
recurse_list: []
numbers: [46, 0]
recurse_list: []
numbers: [33, 0]
recurse_list: []
numbers: [165, 0]
recurse_list: []
numbers: [76, 0]
recurse_list: []
numbers: [9, 0]
recurse_list: []
numbers: [98, 0]
recurse_list: []
numbers: [34, 0]
recurse_list: []
numbers: [44, 0]
recurse_list: []
numbers: [4, 0]
recurse_list: []
numbers: [33, 0]
recurse_list: []
numbers: [14, 0]
recurse_list: []
numbers: [28, 0]
recurse_list: []
numbers: [26, 0]
recurse_list: []
numbers: [27, 0]
recurse_list: []
numbers: [112, 0]
recurse_list: []
numbers: [65, 0]
recurse_list: []
numbers: [71, 0]
recurse_list: []
numbers: [114, 0]
recurse_list: []
numbers: [31, 0]
recurse_list: []
numbers: [55, 0]
recurse_list: []
numbers: [75, 0]
recurse_list: []
numbers: [41, 0]
recurse_list: []
numbers: [35, 0]
recurse_list: []
numbers: [72, 0]
recurse_list: []
numbers: [16, 0]
recurse_list: []
numbers: [17, 0]
recurse_list: []
numbers: [85, 0]
recurse_list: []
numbers: [30, 0]
recurse_list: []
numbers: [73, 0]
recurse_list: []
numbers: [62, 0]
recurse_list: []
numbers: [26, 0]
recurse_list: []
numbers: [37, 0]
recurse_list: []
numbers: [39, 0]
recurse_list: []
numbers: [80, 0]
recurse_list: []
numbers: [52, 0]
recurse_list: []
numbers: [80, 0]
recurse_list: []
numbers: [102, 0]
recurse_list: []
numbers: [44, 0]
recurse_list: []
numbers: [34, 0]
recurse_list: []
numbers: [59, 0]
recurse_list: []
numbers: [12, 0]
recurse_list: []
numbers: [32, 0]
recurse_list: []
numbers: [68, 0]
recurse_list: []
numbers: [39, 0]
recurse_list: []
numbers: [24, 0]
recurse_list: []
numbers: [18, 0]
recurse_list: []
numbers: [29, 0]
recurse_list: []
numbers: [26, 0]
recurse_list: []
numbers: [62, 0]
recurse_list: []
numbers: [17, 0]
recurse_list: []
numbers: [62, 0]
recurse_list: []
numbers: [51, 0]
recurse_list: []
numbers: [14, 0]
recurse_list: []
numbers: [93, 0]
recurse_list: []
numbers: [25, 0]
recurse_list: []
numbers: [25, 0]
recurse_list: []
numbers: [30, 0]
recurse_list: []
numbers: [116, 0]
recurse_list: []
numbers: [64, 0]
recurse_list: []
numbers: [50, 0]
recurse_list: []
numbers: [120, 0]
recurse_list: []
numbers: [6, 0]
recurse_list: []
numbers: [12, 0]
recurse_list: []
numbers: [16, 0]
recurse_list: []
numbers: [21, 0]
recurse_list: []
numbers: [52, 0]
recurse_list: []
numbers: [41, 0]
recurse_list: []
numbers: [71, 0]
recurse_list: []
numbers: [62, 0]
recurse_list: []
numbers: [54, 0]
recurse_list: []
numbers: [54, 0]
recurse_list: []
numbers: [37, 0]
recurse_list: []
total_tree: 20224
recursive_tree: 2
